C251 COMPILER V5.60.0,  main                                                               31/05/25  16:04:24  PAGE 1   


C251 COMPILER V5.60.0, COMPILATION OF MODULE main
OBJECT MODULE PLACED IN .\Out_File\main.obj
COMPILER INVOKED BY: E:\Kust-Travel\Keil_v5\C251\BIN\C251.EXE ..\USER\src\main.c LARGE INTR2 FLOAT64 WARNINGLEVEL(3) OPT
                    -IMIZE(0,SPEED) BROWSE INCDIR(..\..\Libraries\libraries;..\..\Libraries\seekfree_libraries;..\..\Libraries\seekfree_perip
                    -heral;..\CODE;..\USER\inc;..\USER\src;..\..\Libraries\seekfree_components) DEBUG PRINT(.\Out_File\main.lst) OBJECT(.\Out
                    -_File\main.obj) 

stmt  level    source

    1          /********************************************************************************************************
             -*************
    2           * COPYRIGHT NOTICE
    3           * Copyright (c) 2020,逐飞科技
    4           * All rights reserved.
    5           * 技术讨论QQ群：一群：179029047(已满)  二群：244861897(已满)  三群：824575535
    6           *
    7           * 以下所有内容版权均属逐飞科技所有，未经允许不得用于商业用途，
    8           * 欢迎各位使用并传播本程序，修改内容时必须保留逐飞科技的版权声明。
    9           *
   10           * @file                main
   11           * @company                     成都逐飞科技有限公司
   12           * @author              逐飞科技(QQ790875685)
   13           * @version             查看doc内version文件 版本说明
   14           * @Software            MDK FOR C251 V5.60
   15           * @Target core         STC32G12K128
   16           * @Taobao              https://seekfree.taobao.com/
   17           * @date                2020-12-18
   18           ********************************************************************************************************
             -************/
   19          
   20          #include "headfile.h"
   21          
   22          /*
   23           * 系统频率，可查看board.h中的 FOSC 宏定义修改。
   24           * board.h文件中FOSC的值设置为0,则程序自动设置系统频率为33.1776MHZ
   25           * 在board_init中,已经将P54引脚设置为复位
   26           * 如果需要使用P54引脚,可以在board.c文件中的board_init()函数中删除SET_P54_RESRT即可
   27           */
   28          
   29          
   30          
   31          
   32          void All_Init();
   33          void main()
   34          {
   35   1              board_init();                   // 初始化寄存器,勿删除此句代码。
   36   1              
   37   1              // 此处编写用户代码(例如：外设初始化代码等)
   38   1      
   39   1              //外设初始化
   40   1              All_Init();
   41   1      
   42   1          while(1)
   43   1              {
   44   2                      Key_Pro();//按键处理
   45   2                      //在OLED屏幕上显示，需要初始化OLED屏幕，才能使用。
   46   2                      oled_p6x8str_spi(0,0,"Int:");   
   47   2                      oled_int16_spi(6*8,0,Distance_Int);
   48   2                      
   49   2                      oled_p6x8str_spi(0,1,"L:");     
   50   2                      oled_uint16_spi(6*8,1,L);
   51   2                      oled_p6x8str_spi(0,2,"L2:");    
   52   2                      oled_uint16_spi(6*8,2,L2);
   53   2                      
   54   2      //              oled_p6x8str_spi(0,3,"M:");     
C251 COMPILER V5.60.0,  main                                                               31/05/25  16:04:24  PAGE 2   

   55   2      //              oled_uint16_spi(6*8,3,M);
   56   2                      
   57   2                      oled_p6x8str_spi(0,3,"Vo:");    
   58   2                      oled_uint16_spi(6*8,3,Bat_Vol);
   59   2                      
   60   2                      oled_p6x8str_spi(0,4,"R2:");    
   61   2                      oled_uint16_spi(6*8,4,R2);
   62   2                      
   63   2                      oled_p6x8str_spi(0,5,"R:");     
   64   2                      oled_uint16_spi(6*8,5,R);
   65   2                      
   66   2                      oled_p6x8str_spi(0,6,"ER:");    
   67   2                      oled_int16_spi(6*8,6,eleValue); oled_int16_spi(11*8,6,eleOut);
   68   2                      
   69   2                      oled_p6x8str_spi(0,7,"mpu:");   
   70   2                      oled_printf_float_spi(6*8,7,Gyro_z,4,1);
   71   2                      
   72   2                      //printf("Voltage:%u\r\n",ad_result);
   73   2                      //if(++count == 60) count=0,P64 = ~P64;
   74   2                      
   75   2          }
   76   1      }
   77          
   78          void All_Init()
   79          {
   80   1              //OLED
   81   1              oled_init_spi();
   82   1          oled_fill_spi(0x00);
   83   1              //oled_p6x8str_spi(0,0,"Initializing...:");
   84   1              
   85   1              adc_init_5(ADC_SYSclk_DIV_2);//ADC
   86   1              adc_init(ADC_P00, ADC_SYSclk_DIV_32);//
   87   1              
   88   1              Motor_Init();//Motor
   89   1              ctimer_count_init(CTIM4_P06);//Encoder
   90   1              ctimer_count_init(CTIM3_P04);
   91   1              gpio_mode(P6_4,GPO_PP);
   92   1              gpio_mode(P5_2,GPO_PP);
   93   1              gpio_mode(P6_5,GPO_PP);
   94   1              //gpio_mode(P2_4,GPO_PP);
   95   1              //P24=0;
   96   1              //pwm_init(PWM0_P24, 100, 5000);
   97   1              
   98   1              mpu6050_init();
   99   1              
  100   1      
  101   1              pit_timer_ms(TIM_1,10);  // 定时器1中断初始化,用于跑电感、编码器、PID计算、电机驱动，暂定2ms，若不正常，
             -则测试各个部分运行时间，更改周期
  102   1      }
  103          
  104          
  105          
  106          
  107          
  108          
  109          
  110          
  111          
  112          
  113          
  114          
  115          
  116          
  117          
  118          
  119          
C251 COMPILER V5.60.0,  main                                                               31/05/25  16:04:24  PAGE 3   

  120          
  121          


Module Information          Static   Overlayable
------------------------------------------------
  code size            =       453     ------
  ecode size           =    ------     ------
  data size            =    ------     ------
  idata size           =    ------     ------
  pdata size           =    ------     ------
  xdata size           =    ------     ------
  xdata-const size     =    ------     ------
  edata size           =    ------     ------
  bit size             =    ------     ------
  ebit size            =    ------     ------
  bitaddressable size  =    ------     ------
  ebitaddressable size =    ------     ------
  far data size        =    ------     ------
  huge data size       =    ------     ------
  const size           =    ------     ------
  hconst size          =        32     ------
End of Module Information.


C251 COMPILATION COMPLETE.  0 WARNING(S),  0 ERROR(S)
