C251 COMPILER V5.60.0,  main                                                               21/06/25  19:18:42  PAGE 1   


C251 COMPILER V5.60.0, COMPILATION OF MODULE main
OBJECT MODULE PLACED IN .\Out_File\main.obj
COMPILER INVOKED BY: E:\Kust-Travel\Keil_v5\C251\BIN\C251.EXE ..\USER\src\main.c LARGE INTR2 FLOAT64 WARNINGLEVEL(3) OPT
                    -IMIZE(0,SPEED) BROWSE INCDIR(..\..\Libraries\libraries;..\..\Libraries\seekfree_libraries;..\..\Libraries\seekfree_perip
                    -heral;..\CODE;..\USER\inc;..\USER\src;..\..\Libraries\seekfree_components) DEBUG PRINT(.\Out_File\main.lst) OBJECT(.\Out
                    -_File\main.obj) 

stmt  level    source

    1          #include "headfile.h"
    2          
    3          void All_Init();
    4          void main(void)
    5          {
    6   1              board_init();                   // 初始化寄存器,勿删除此句代码。
    7   1              
    8   1              // 此处编写用户代码(例如：外设初始化代码等)
    9   1      
   10   1              //外设初始化
   11   1              All_Init();
   12   1      
   13   1          while(1)
   14   1              {
   15   2                      
   16   2                      Key_Task();//按键处理
   17   2                      
   18   2                      // 获取滤波后的ADC数据          
   19   2                      mid_filter();      // 使用中位值滤波获取电感数据
   20   2      
   21   2                      // 归一化电感数组・
   22   2                      normalize_sensors();
   23   2                      
   24   2                      //检查电磁保护
   25   2                      protection_flag = check_electromagnetic_protection();
   26   2                      
   27   2                      // 计算位置偏差
   28   2                      position = calculate_position_improved();
   29   2                      
   30   2                      display_electromagnetic_data();
   31   2                      
   32   2                      
   33   2                      
   34   2                      //在OLED屏幕上显示，需要初始化OLED屏幕，才能使用。
   35   2      //              oled_p6x8str_spi(0,0,"Int:");   
   36   2      //              oled_int16_spi(6*8,0,Distance_Int);
   37   2      //              
   38   2      
   39   2      //              
   40   2      //              oled_p6x8str_spi(0,3,"Vo:");    
   41   2      //              oled_uint16_spi(6*8,3,Bat_Vol);
   42   2      //              
   43   2      
   44   2      //              
   45   2      //              oled_p6x8str_spi(0,6,"ER:");    
   46   2      //              oled_int16_spi(6*8,6,eleValue); oled_int16_spi(11*8,6,eleOut);
   47   2      //              
   48   2      //              oled_p6x8str_spi(0,7,"mpu:");   
   49   2      //              oled_printf_float_spi(6*8,7,Gyro_z,4,1);
   50   2                      
   51   2                      //printf("Voltage:%u\r\n",ad_result);
   52   2                      //if(++count == 60) count=0,P64 = ~P64;
   53   2      
   54   2          }
   55   1      }
   56          
C251 COMPILER V5.60.0,  main                                                               21/06/25  19:18:42  PAGE 2   

   57          void All_Init()
   58          {
   59   1              //OLED
   60   1              oled_init_spi();
   61   1          oled_fill_spi(0x00);
   62   1              //oled_p6x8str_spi(0,0,"Initializing...:");
   63   1              
   64   1              //adc_init_5(ADC_SYSclk_DIV_2);//ADC
   65   1              electromagnetic_init();
   66   1              adc_init(ADC_P00, ADC_SYSclk_DIV_32);//电压检测
   67   1              
   68   1              
   69   1              Motor_Init();//Motor
   70   1              Encoder_Init();
   71   1      
   72   1              gpio_mode(P6_4,GPO_PP);
   73   1              gpio_mode(P6_5,GPO_PP);
   74   1      
   75   1              //Kp,Ki,Kd,Kf,I_Limit,O_Limit,GKd,Kp2
   76   1              Pid_Init(&SpeedPID,80.0f, 1.0f, 0.0f, 0.0f, 5000.0f, 6000.0f,0.0f,0.0f);
   77   1              Pid_Init(&TurnPID,3.3f, 0.0f, 0.0f, 0.0f, 0.0f, 6000.0f,0.02,0.01);
   78   1      
   79   1              LowPass_init(&leftSpeedFilt, 0.556);   //初始化低通滤波器
   80   1              LowPass_init(&rightSpeedFilt, 0.556);
   81   1              Kalman_Init(&imu693_kf, 0.98, 0.02, imu693kf_Q, imu693kf_R, 0.0);
   82   1              //gpio_mode(P2_4,GPO_PP);
   83   1              //P24=0;
   84   1      
   85   1              
   86   1              //mpu6050_init();
   87   1              
   88   1      
   89   1              //pit_timer_ms(TIM_1,10);  // 定时器1中断初始化,用于跑电感、编码器、PID计算、电机驱动，暂定2ms，若不正常
             -，则测试各个部分运行时间，更改周期
   90   1              pit_timer_ms(TIM_0,10);//按键检测、蜂鸣器、tick
   91   1              pit_timer_ms(TIM_1, 5);//编码器、陀螺仪、元素标志位判断、pwm赋值、速度决策
   92   1              
   93   1              delay_ms(100); // 延时等待系统稳定
   94   1      }
   95          
   96          
   97          
   98          
   99          
  100          
  101          
  102          
  103          
  104          
  105          
  106          
  107          
  108          
  109          
  110          
  111          
  112          
  113          


Module Information          Static   Overlayable
------------------------------------------------
  code size            =       489     ------
  ecode size           =    ------     ------
  data size            =    ------     ------
  idata size           =    ------     ------
  pdata size           =    ------     ------
C251 COMPILER V5.60.0,  main                                                               21/06/25  19:18:42  PAGE 3   

  xdata size           =    ------     ------
  xdata-const size     =    ------     ------
  edata size           =    ------     ------
  bit size             =    ------     ------
  ebit size            =    ------     ------
  bitaddressable size  =    ------     ------
  ebitaddressable size =    ------     ------
  far data size        =    ------     ------
  huge data size       =    ------     ------
  const size           =    ------     ------
  hconst size          =    ------     ------
End of Module Information.


C251 COMPILATION COMPLETE.  0 WARNING(S),  0 ERROR(S)
